
13:30:18-------НОВАЯ ЗАПИСЬ-------

13:30:18;**название поля для ввода**;Фамилия
13:30:18;введенное значение;тестовый
13:30:18;преобразованное значение;тестовый

13:30:18;строка, которая предназначена для справочника после очередного добавления доп. поля (с учетом предыдущих значений);['тестовый']

13:30:20;**название поля для ввода**;Имя
13:30:20;введенное значение;тест
13:30:20;преобразованное значение;Тест

13:30:20;строка, которая предназначена для справочника после очередного добавления доп. поля (с учетом предыдущих значений);['тестовый', 'Тест']

13:30:21;**название поля для ввода**;Отчество
13:30:21;введенное значение;тестович
13:30:21;преобразованное значение;Тестович

13:30:21;строка, которая предназначена для справочника после очередного добавления доп. поля (с учетом предыдущих значений);['тестовый', 'Тест', 'Тестович']

13:30:23;**название поля для ввода**;Мобильный телефон
13:30:23;введенное значение;-
13:30:23;преобразованное значение;-

13:30:23;строка, которая предназначена для справочника после очередного добавления доп. поля (с учетом предыдущих значений);['тестовый', 'Тест', 'Тестович', '-']

13:30:25;**название поля для ввода**;Домашний телефон
13:30:25;введенное значение;123456
13:30:25;преобразованное значение;123456

13:30:25;строка, которая предназначена для справочника после очередного добавления доп. поля (с учетом предыдущих значений);['тестовый', 'Тест', 'Тестович', '-', '123456']

13:30:28;**название поля для ввода**;Описание контакта
13:30:28;введенное значение;тестирование
13:30:28;преобразованное значение;Тестирование

13:30:28;строка, которая предназначена для справочника после очередного добавления доп. поля (с учетом предыдущих значений);['тестовый', 'Тест', 'Тестович', '-', '123456', 'Тестирование']

13:30:39-------НОВАЯ ЗАПИСЬ-------

13:30:39;**название поля для ввода**;Фамилия
13:30:39;введенное значение;тест-тесто
13:30:39;преобразованное значение;Тест-тесто

13:30:39;строка, которая предназначена для справочника после очередного добавления доп. поля (с учетом предыдущих значений);['Тест-тесто']

13:30:42;**название поля для ввода**;Имя
13:30:42;введенное значение;тестик
13:30:42;преобразованное значение;Тестик

13:30:42;строка, которая предназначена для справочника после очередного добавления доп. поля (с учетом предыдущих значений);['Тест-тесто', 'Тестик']

13:30:44;**название поля для ввода**;Отчество
13:30:44;введенное значение;-
13:30:44;преобразованное значение;-

13:30:44;строка, которая предназначена для справочника после очередного добавления доп. поля (с учетом предыдущих значений);['Тест-тесто', 'Тестик', '-']

13:30:47;**название поля для ввода**;Мобильный телефон
13:30:47;введенное значение;89997778855
13:30:47;преобразованное значение;89997778855

13:30:47;строка, которая предназначена для справочника после очередного добавления доп. поля (с учетом предыдущих значений);['Тест-тесто', 'Тестик', '-', '89997778855']

13:30:49;**название поля для ввода**;Домашний телефон
13:30:49;введенное значение;-
13:30:49;преобразованное значение;-

13:30:49;строка, которая предназначена для справочника после очередного добавления доп. поля (с учетом предыдущих значений);['Тест-тесто', 'Тестик', '-', '89997778855', '-']

13:30:52;**название поля для ввода**;Описание контакта
13:30:52;введенное значение;тестирование 1
13:30:52;преобразованное значение;Тестирование 1

13:30:52;строка, которая предназначена для справочника после очередного добавления доп. поля (с учетом предыдущих значений);['Тест-тесто', 'Тестик', '-', '89997778855', '-', 'Тестирование 1']

13:32:02-------НОВАЯ ЗАПИСЬ-------

13:32:02;**название поля для ввода**;Фамилия
13:32:02;введенное значение;тест
13:32:02;преобразованное значение;Тест

13:32:02;строка, которая предназначена для справочника после очередного добавления доп. поля (с учетом предыдущих значений);['Тест']

13:32:04;**название поля для ввода**;Имя
13:32:04;введенное значение;тест
13:32:04;преобразованное значение;Тест

13:32:04;строка, которая предназначена для справочника после очередного добавления доп. поля (с учетом предыдущих значений);['Тест', 'Тест']

13:32:06;**название поля для ввода**;Отчество
13:32:06;введенное значение;тестович
13:32:06;преобразованное значение;Тестович

13:32:06;строка, которая предназначена для справочника после очередного добавления доп. поля (с учетом предыдущих значений);['Тест', 'Тест', 'Тестович']

13:32:07;**название поля для ввода**;Мобильный телефон
13:32:07;введенное значение;-
13:32:07;преобразованное значение;-

13:32:07;строка, которая предназначена для справочника после очередного добавления доп. поля (с учетом предыдущих значений);['Тест', 'Тест', 'Тестович', '-']

13:32:08;**название поля для ввода**;Домашний телефон
13:32:08;введенное значение;-
13:32:08;преобразованное значение;-

13:32:08;строка, которая предназначена для справочника после очередного добавления доп. поля (с учетом предыдущих значений);['Тест', 'Тест', 'Тестович', '-', '-']

13:32:08;**название поля для ввода**;Описание контакта
13:32:08;введенное значение;-
13:32:08;преобразованное значение;-

13:32:08;строка, которая предназначена для справочника после очередного добавления доп. поля (с учетом предыдущих значений);['Тест', 'Тест', 'Тестович', '-', '-', '-']

13:32:15-------НОВАЯ ЗАПИСЬ-------

13:32:15;**название поля для ввода**;Фамилия
13:32:15;введенное значение;тест-тест
13:32:15;преобразованное значение;Тест-Тест

13:32:15;строка, которая предназначена для справочника после очередного добавления доп. поля (с учетом предыдущих значений);['Тест-Тест']

13:32:17;**название поля для ввода**;Имя
13:32:17;введенное значение;тест
13:32:17;преобразованное значение;Тест

13:32:17;строка, которая предназначена для справочника после очередного добавления доп. поля (с учетом предыдущих значений);['Тест-Тест', 'Тест']

13:32:18;**название поля для ввода**;Отчество
13:32:18;введенное значение;-
13:32:18;преобразованное значение;-

13:32:18;строка, которая предназначена для справочника после очередного добавления доп. поля (с учетом предыдущих значений);['Тест-Тест', 'Тест', '-']

13:32:19;**название поля для ввода**;Мобильный телефон
13:32:19;введенное значение;-
13:32:19;преобразованное значение;-

13:32:19;строка, которая предназначена для справочника после очередного добавления доп. поля (с учетом предыдущих значений);['Тест-Тест', 'Тест', '-', '-']

13:32:20;**название поля для ввода**;Домашний телефон
13:32:20;введенное значение;-
13:32:20;преобразованное значение;-

13:32:20;строка, которая предназначена для справочника после очередного добавления доп. поля (с учетом предыдущих значений);['Тест-Тест', 'Тест', '-', '-', '-']

13:32:20;**название поля для ввода**;Описание контакта
13:32:20;введенное значение;-
13:32:20;преобразованное значение;-

13:32:20;строка, которая предназначена для справочника после очередного добавления доп. поля (с учетом предыдущих значений);['Тест-Тест', 'Тест', '-', '-', '-', '-']

13:40:05-------НОВАЯ ЗАПИСЬ-------

13:40:05;**название поля для ввода**;Фамилия
13:40:05;введенное значение;вапвап-вапвапв
13:40:05;преобразованное значение;Вапвап-Вапвапв

13:40:05;строка, которая предназначена для справочника после очередного добавления доп. поля (с учетом предыдущих значений);['Вапвап-Вапвапв']

13:40:06;**название поля для ввода**;Имя
13:40:06;введенное значение;авпвап
13:40:06;преобразованное значение;Авпвап

13:40:06;строка, которая предназначена для справочника после очередного добавления доп. поля (с учетом предыдущих значений);['Вапвап-Вапвапв', 'Авпвап']

13:40:08;**название поля для ввода**;Отчество
13:40:08;введенное значение;апвп
13:40:08;преобразованное значение;Апвп

13:40:08;строка, которая предназначена для справочника после очередного добавления доп. поля (с учетом предыдущих значений);['Вапвап-Вапвапв', 'Авпвап', 'Апвп']

13:40:17;**название поля для ввода**;Мобильный телефон
13:40:17;введенное значение;+79998887755
13:40:17;преобразованное значение;+79998887755

13:40:17;строка, которая предназначена для справочника после очередного добавления доп. поля (с учетом предыдущих значений);['Вапвап-Вапвапв', 'Авпвап', 'Апвп', '+79998887755']

13:40:18;**название поля для ввода**;Домашний телефон
13:40:18;введенное значение;-
13:40:18;преобразованное значение;-

13:40:18;строка, которая предназначена для справочника после очередного добавления доп. поля (с учетом предыдущих значений);['Вапвап-Вапвапв', 'Авпвап', 'Апвп', '+79998887755', '-']

13:40:20;**название поля для ввода**;Описание контакта
13:40:20;введенное значение;тест
13:40:20;преобразованное значение;Тест

13:40:20;строка, которая предназначена для справочника после очередного добавления доп. поля (с учетом предыдущих значений);['Вапвап-Вапвапв', 'Авпвап', 'Апвп', '+79998887755', '-', 'Тест']

13:40:59;операция со справочником;Добавить новую запись

13:41:04-------НОВАЯ ЗАПИСЬ-------

13:41:04;**название поля для ввода**;Фамилия
13:41:04;введенное значение;тест-тест
13:41:04;преобразованное значение;Тест-Тест

13:41:04;строка, которая предназначена для справочника после очередного добавления доп. поля (с учетом предыдущих значений);['Тест-Тест']

13:41:05;**название поля для ввода**;Имя
13:41:05;введенное значение;тест
13:41:05;преобразованное значение;Тест

13:41:05;строка, которая предназначена для справочника после очередного добавления доп. поля (с учетом предыдущих значений);['Тест-Тест', 'Тест']

13:41:06;**название поля для ввода**;Отчество
13:41:06;введенное значение;-
13:41:06;преобразованное значение;-

13:41:06;строка, которая предназначена для справочника после очередного добавления доп. поля (с учетом предыдущих значений);['Тест-Тест', 'Тест', '-']

13:41:12;**название поля для ввода**;Мобильный телефон
13:41:12;введенное значение;+79998887744
13:41:12;преобразованное значение;+79998887744

13:41:12;строка, которая предназначена для справочника после очередного добавления доп. поля (с учетом предыдущих значений);['Тест-Тест', 'Тест', '-', '+79998887744']

13:41:15;**название поля для ввода**;Домашний телефон
13:41:15;введенное значение;-
13:41:15;преобразованное значение;-

13:41:15;строка, которая предназначена для справочника после очередного добавления доп. поля (с учетом предыдущих значений);['Тест-Тест', 'Тест', '-', '+79998887744', '-']

13:41:22;**название поля для ввода**;Описание контакта
13:41:22;введенное значение;тестирование изменений
13:41:22;преобразованное значение;Тестирование изменений

13:41:22;строка, которая предназначена для справочника после очередного добавления доп. поля (с учетом предыдущих значений);['Тест-Тест', 'Тест', '-', '+79998887744', '-', 'Тестирование изменений']

13:42:35-------ЗАПИСЬ ОПЕРАЦИИ СО СПРАВОЧНИКОМ (НАЧАЛО)-------

13:42:35;операция со справочником;Открыть текущий справочник (вывод в консоль)

13:42:35-------ЗАПИСЬ ОПЕРАЦИИ СО СПРАВОЧНИКОМ (КОНЕЦ)-------

13:42:39-------ЗАПИСЬ ОПЕРАЦИИ СО СПРАВОЧНИКОМ (НАЧАЛО)-------

13:42:39;операция со справочником;Добавить новую запись

13:42:39-------ЗАПИСЬ ОПЕРАЦИИ СО СПРАВОЧНИКОМ (КОНЕЦ)-------

13:42:49-------НОВАЯ ЗАПИСЬ-------

13:42:49;**название поля для ввода**;Фамилия
13:42:49;введенное значение;ТЕСТОВ-ТЕСТОВ
13:42:49;преобразованное значение;Тестов-Тестов

13:42:49;строка, которая предназначена для справочника после очередного добавления доп. поля (с учетом предыдущих значений);['Тестов-Тестов']

13:42:50;**название поля для ввода**;Имя
13:42:50;введенное значение;ТЕСТ
13:42:50;преобразованное значение;Тест

13:42:50;строка, которая предназначена для справочника после очередного добавления доп. поля (с учетом предыдущих значений);['Тестов-Тестов', 'Тест']

13:42:52;**название поля для ввода**;Отчество
13:42:52;введенное значение;-
13:42:52;преобразованное значение;-

13:42:52;строка, которая предназначена для справочника после очередного добавления доп. поля (с учетом предыдущих значений);['Тестов-Тестов', 'Тест', '-']

13:42:56;**название поля для ввода**;Мобильный телефон
13:42:56;введенное значение;89995554433
13:42:56;преобразованное значение;89995554433

13:42:56;строка, которая предназначена для справочника после очередного добавления доп. поля (с учетом предыдущих значений);['Тестов-Тестов', 'Тест', '-', '89995554433']

13:42:57;**название поля для ввода**;Домашний телефон
13:42:57;введенное значение;-
13:42:57;преобразованное значение;-

13:42:57;строка, которая предназначена для справочника после очередного добавления доп. поля (с учетом предыдущих значений);['Тестов-Тестов', 'Тест', '-', '89995554433', '-']

13:43:04;**название поля для ввода**;Описание контакта
13:43:04;введенное значение;ТЕСТИРОВАНИЕ ИЗМЕНЕНИЙ.
13:43:04;преобразованное значение;Тестирование изменений.

13:43:04;строка, которая предназначена для справочника после очередного добавления доп. поля (с учетом предыдущих значений);['Тестов-Тестов', 'Тест', '-', '89995554433', '-', 'Тестирование изменений.']
